module.js:471
    throw err;
    ^

Error: Cannot find module 'express'
    at Function.Module._resolveFilename (module.js:469:15)
    at Function.Module._load (module.js:417:25)
    at require (internal/module.js:20:19)
    at Object.<anonymous> (C:\nodeApps\sfs1\main.js:1:79)
    at Module._compile (module.js:570:32)
    at Object.Module._extensions..js (module.js:579:10)
    at Module.load (module.js:487:32)
    at tryModuleLoad (module.js:446:12)
    at Function.Module._load (module.js:438:3)
    at Module.runMain (module.js:604:10)
module.js:471
    throw err;
    ^

Error: Cannot find module 'express'
    at Function.Module._resolveFilename (module.js:469:15)
    at Function.Module._load (module.js:417:25)
    at require (internal/module.js:20:19)
    at Object.<anonymous> (C:\nodeApps\sfs1\main.js:1:79)
    at Module._compile (module.js:570:32)
    at Object.Module._extensions..js (module.js:579:10)
    at Module.load (module.js:487:32)
    at tryModuleLoad (module.js:446:12)
    at Function.Module._load (module.js:438:3)
    at Module.runMain (module.js:604:10)
module.js:471
    throw err;
    ^

Error: Cannot find module 'express'
    at Function.Module._resolveFilename (module.js:469:15)
    at Function.Module._load (module.js:417:25)
    at require (internal/module.js:20:19)
    at Object.<anonymous> (C:\nodeApps\sfs1\main.js:1:79)
    at Module._compile (module.js:570:32)
    at Object.Module._extensions..js (module.js:579:10)
    at Module.load (module.js:487:32)
    at tryModuleLoad (module.js:446:12)
    at Function.Module._load (module.js:438:3)
    at Module.runMain (module.js:604:10)
C:\Program Files\nodejs\node_modules\node-windows\lib\wrapper.js:177
    child.send('shutdown');
         ^

TypeError: Cannot read property 'send' of null
    at process.killkid (C:\Program Files\nodejs\node_modules\node-windows\lib\wrapper.js:177:10)
    at emitOne (events.js:96:13)
    at process.emit (events.js:188:7)
    at process.exit (internal/process.js:164:15)
    at monitor (C:\Program Files\nodejs\node_modules\node-windows\lib\wrapper.js:99:17)
    at ChildProcess.<anonymous> (C:\Program Files\nodejs\node_modules\node-windows\lib\wrapper.js:170:5)
    at emitTwo (events.js:106:13)
    at ChildProcess.emit (events.js:191:7)
    at Process.ChildProcess._handle.onexit (internal/child_process.js:215:12)
module.js:471
    throw err;
    ^

Error: Cannot find module 'express'
    at Function.Module._resolveFilename (module.js:469:15)
    at Function.Module._load (module.js:417:25)
    at require (internal/module.js:20:19)
    at Object.<anonymous> (C:\nodeApps\sfs1\main.js:1:79)
    at Module._compile (module.js:570:32)
    at Object.Module._extensions..js (module.js:579:10)
    at Module.load (module.js:487:32)
    at tryModuleLoad (module.js:446:12)
    at Function.Module._load (module.js:438:3)
    at Module.runMain (module.js:604:10)
module.js:471
    throw err;
    ^

Error: Cannot find module 'express'
    at Function.Module._resolveFilename (module.js:469:15)
    at Function.Module._load (module.js:417:25)
    at require (internal/module.js:20:19)
    at Object.<anonymous> (C:\nodeApps\sfs1\main.js:1:79)
    at Module._compile (module.js:570:32)
    at Object.Module._extensions..js (module.js:579:10)
    at Module.load (module.js:487:32)
    at tryModuleLoad (module.js:446:12)
    at Function.Module._load (module.js:438:3)
    at Module.runMain (module.js:604:10)
module.js:471
    throw err;
    ^

Error: Cannot find module 'express'
    at Function.Module._resolveFilename (module.js:469:15)
    at Function.Module._load (module.js:417:25)
    at require (internal/module.js:20:19)
    at Object.<anonymous> (C:\nodeApps\sfs1\main.js:1:79)
    at Module._compile (module.js:570:32)
    at Object.Module._extensions..js (module.js:579:10)
    at Module.load (module.js:487:32)
    at tryModuleLoad (module.js:446:12)
    at Function.Module._load (module.js:438:3)
    at Module.runMain (module.js:604:10)
C:\Program Files\nodejs\node_modules\node-windows\lib\wrapper.js:177
    child.send('shutdown');
         ^

TypeError: Cannot read property 'send' of null
    at process.killkid (C:\Program Files\nodejs\node_modules\node-windows\lib\wrapper.js:177:10)
    at emitOne (events.js:96:13)
    at process.emit (events.js:188:7)
    at process.exit (internal/process.js:164:15)
    at monitor (C:\Program Files\nodejs\node_modules\node-windows\lib\wrapper.js:99:17)
    at ChildProcess.<anonymous> (C:\Program Files\nodejs\node_modules\node-windows\lib\wrapper.js:170:5)
    at emitTwo (events.js:106:13)
    at ChildProcess.emit (events.js:191:7)
    at Process.ChildProcess._handle.onexit (internal/child_process.js:215:12)
ReferenceError: proc is not defined
    at app.use (C:\nodeApps\sfs1\main.js:15:3)
    at Layer.handle [as handle_request] (C:\nodeApps\sfs1\node_modules\express\lib\router\layer.js:95:5)
    at trim_prefix (C:\nodeApps\sfs1\node_modules\express\lib\router\index.js:317:13)
    at C:\nodeApps\sfs1\node_modules\express\lib\router\index.js:284:7
    at next (C:\nodeApps\sfs1\node_modules\express\lib\router\index.js:275:10)
    at logger (C:\nodeApps\sfs1\node_modules\morgan\index.js:144:5)
    at Layer.handle [as handle_request] (C:\nodeApps\sfs1\node_modules\express\lib\router\layer.js:95:5)
    at trim_prefix (C:\nodeApps\sfs1\node_modules\express\lib\router\index.js:317:13)
    at C:\nodeApps\sfs1\node_modules\express\lib\router\index.js:284:7
    at next (C:\nodeApps\sfs1\node_modules\express\lib\router\index.js:275:10)
ReferenceError: proc is not defined
    at app.use (C:\nodeApps\sfs1\main.js:15:3)
    at Layer.handle [as handle_request] (C:\nodeApps\sfs1\node_modules\express\lib\router\layer.js:95:5)
    at trim_prefix (C:\nodeApps\sfs1\node_modules\express\lib\router\index.js:317:13)
    at C:\nodeApps\sfs1\node_modules\express\lib\router\index.js:284:7
    at next (C:\nodeApps\sfs1\node_modules\express\lib\router\index.js:275:10)
    at logger (C:\nodeApps\sfs1\node_modules\morgan\index.js:144:5)
    at Layer.handle [as handle_request] (C:\nodeApps\sfs1\node_modules\express\lib\router\layer.js:95:5)
    at trim_prefix (C:\nodeApps\sfs1\node_modules\express\lib\router\index.js:317:13)
    at C:\nodeApps\sfs1\node_modules\express\lib\router\index.js:284:7
    at next (C:\nodeApps\sfs1\node_modules\express\lib\router\index.js:275:10)
events.js:160
      throw er; // Unhandled 'error' event
      ^

Error: read ENOTCONN
    at exports._errnoException (util.js:1018:11)
    at Socket._read (net.js:421:21)
    at Socket.Readable.read (_stream_readable.js:348:10)
    at resume_ (_stream_readable.js:737:12)
    at _combinedTickCallback (internal/process/next_tick.js:80:11)
    at process._tickCallback (internal/process/next_tick.js:104:9)
events.js:160
      throw er; // Unhandled 'error' event
      ^

Error: read ENOTCONN
    at exports._errnoException (util.js:1018:11)
    at Socket._read (net.js:421:21)
    at Socket.Readable.read (_stream_readable.js:348:10)
    at resume_ (_stream_readable.js:737:12)
    at _combinedTickCallback (internal/process/next_tick.js:80:11)
    at process._tickCallback (internal/process/next_tick.js:104:9)
events.js:160
      throw er; // Unhandled 'error' event
      ^

Error: read ENOTCONN
    at exports._errnoException (util.js:1018:11)
    at Socket._read (net.js:421:21)
    at Socket.Readable.read (_stream_readable.js:348:10)
    at resume_ (_stream_readable.js:737:12)
    at _combinedTickCallback (internal/process/next_tick.js:80:11)
    at process._tickCallback (internal/process/next_tick.js:104:9)
C:\Program Files\nodejs\node_modules\node-windows\lib\wrapper.js:177
    child.send('shutdown');
         ^

TypeError: Cannot read property 'send' of null
    at process.killkid (C:\Program Files\nodejs\node_modules\node-windows\lib\wrapper.js:177:10)
    at emitOne (events.js:96:13)
    at process.emit (events.js:188:7)
    at process.exit (internal/process.js:164:15)
    at monitor (C:\Program Files\nodejs\node_modules\node-windows\lib\wrapper.js:99:17)
    at ChildProcess.<anonymous> (C:\Program Files\nodejs\node_modules\node-windows\lib\wrapper.js:170:5)
    at emitTwo (events.js:106:13)
    at ChildProcess.emit (events.js:191:7)
    at Process.ChildProcess._handle.onexit (internal/child_process.js:215:12)
events.js:160
      throw er; // Unhandled 'error' event
      ^

Error: read ENOTCONN
    at exports._errnoException (util.js:1018:11)
    at Socket._read (net.js:421:21)
    at Socket.Readable.read (_stream_readable.js:348:10)
    at resume_ (_stream_readable.js:737:12)
    at _combinedTickCallback (internal/process/next_tick.js:80:11)
    at process._tickCallback (internal/process/next_tick.js:104:9)
events.js:160
      throw er; // Unhandled 'error' event
      ^

Error: read ENOTCONN
    at exports._errnoException (util.js:1018:11)
    at Socket._read (net.js:421:21)
    at Socket.Readable.read (_stream_readable.js:348:10)
    at resume_ (_stream_readable.js:737:12)
    at _combinedTickCallback (internal/process/next_tick.js:80:11)
    at process._tickCallback (internal/process/next_tick.js:104:9)
events.js:160
      throw er; // Unhandled 'error' event
      ^

Error: read ENOTCONN
    at exports._errnoException (util.js:1018:11)
    at Socket._read (net.js:421:21)
    at Socket.Readable.read (_stream_readable.js:348:10)
    at resume_ (_stream_readable.js:737:12)
    at _combinedTickCallback (internal/process/next_tick.js:80:11)
    at process._tickCallback (internal/process/next_tick.js:104:9)
C:\Program Files\nodejs\node_modules\node-windows\lib\wrapper.js:177
    child.send('shutdown');
         ^

TypeError: Cannot read property 'send' of null
    at process.killkid (C:\Program Files\nodejs\node_modules\node-windows\lib\wrapper.js:177:10)
    at emitOne (events.js:96:13)
    at process.emit (events.js:188:7)
    at process.exit (internal/process.js:164:15)
    at monitor (C:\Program Files\nodejs\node_modules\node-windows\lib\wrapper.js:99:17)
    at ChildProcess.<anonymous> (C:\Program Files\nodejs\node_modules\node-windows\lib\wrapper.js:170:5)
    at emitTwo (events.js:106:13)
    at ChildProcess.emit (events.js:191:7)
    at Process.ChildProcess._handle.onexit (internal/child_process.js:215:12)
